========================================================================
[model2_all/ne150_d14_split10_leaf5_rs40] start at 2026-05-28T14:49:01
[model2_all/ne150_d14_split10_leaf5_rs40] hyperparameters:
    n_estimators = 150
    max_depth = 14
    min_samples_split = 10
    min_samples_leaf = 5
    random_state = 40
    loco = True
    loco_jobs = 8
    rf_jobs = 1
    t_tstd_only = False
    save_root = results_rf_ne150_d14_split10_leaf5_rs40/model2_all/
========================================================================
Logging to results_rf_ne150_d14_split10_leaf5_rs40/model2_all/train.log
Number of cities in training set: 500
Number of cities in test set: 500 <StringArray>
[                                   'OSLO',
                      'UTQIAGVIK, AK, USA',
                            'HULIN, CHINA',
          'BRUNEI INTL, BRUNEI DARUSSALAM',
 'CHITTAGONG SHAH AMANAT INTL, BANGLADESH',
               'HAIKOU MEILAN INTL, CHINA',
                'RUSTENBURG, SOUTH AFRICA',
                        'MAZATLAN, MEXICO',
                                    'OULU',
           'ALOR MALI KALABAHI, INDONESIA',
 ...
                   'BAHRAIN INTL, BAHRAIN',
                    'CLAREMORRIS, IRELAND',
              'USUGLI, RUSSIAN FEDERATION',
                         'BISKRA, ALGERIA',
                             'NEW ORLEANS',
                        'HENGCHUN, TAIWAN',
                                  'HOHHOT',
                        'CAMPINAS, BRAZIL',
             'ZINNWALD GEORGENFE, GERMANY',
                      'STORHOFDI, ICELAND']
Length: 500, dtype: str
Number of samples in training set: 48000
Number of samples in test set: 12000
[LOCO] running for 100 cities from results/model2_all/loco_city.csv
[LOCO] cities: ['SCAMMON BAY, AK, USA', 'VANZHILKYNAK, RUSSIAN FEDERATION', 'TUNGOKOCHEN, RUSSIAN FEDERATION', 'BRATSK, RUSSIAN FEDERATION', 'SAVOONGA, AK, USA', 'MEKORYUK, AK, USA', 'IZVESTIJ TSIK, RUSSIAN FEDERATION', 'NAIMAKKA, SWEDEN', 'KEFLAVIK INTL, ICELAND', 'DELTA BURNS BOG, BC, CANADA', 'HALIUT, CHINA', 'WASSERKUPPE, GERMANY', 'HARBIN', 'MIDDLETON ISLAND, AK, USA', 'HOUGHTON COUNTY AP, MI, USA', 'ESTEVAN POINT, BC, CANADA', 'HELSINKI VANTAA, FINLAND', 'REYKJAVIK, ICELAND', 'TATLAYOKO LAKE, BC, CANADA', 'JURH, CHINA', 'REXBURG MADISON COUNTY AP, ID, USA', 'MCGREGOR, MN, USA', 'MELFORT, SK, CANADA', 'GULBENE, LATVIA', 'HOONAH, AK, USA', 'DONGSHENG, CHINA', 'SQUAMISH, BC, CANADA', 'KARAMAY, CHINA', 'MEZEN, RUSSIAN FEDERATION', 'JONKOPING, SWEDEN', 'HOYDALSMO II, NORWAY', 'BOTEV VRAH, BULGARIA', 'BUGULMA, RUSSIAN FEDERATION', 'FORNAES FYR, DENMARK', 'MELEUZ, RUSSIAN FEDERATION', 'NARSARSUAQ, GREENLAND', 'BJELASNICA, BOSNIA AND HERZEGOVINA', 'XILIN GOL, CHINA', 'NUNARSUIT, GREENLAND', 'ENDERBY ISLAND, NEW ZEALAND', 'GEDSER, DENMARK', 'GIESSEN', 'KARLSTAD AP, SWEDEN', 'SONNEBERG NEUFANG, GERMANY', 'DETROIT', 'STUTTGART ECHTERDINGEN, GERMANY', 'GOODLAND, KS, USA', 'BOSTON', 'DENVER', 'GAYNDAH, AUSTRALIA', 'DJERBA ZARZIS, TUNISIA', 'GAFSA, TUNISIA', 'HONG KONG', 'KUMEJIMA, JAPAN', 'WUZHOU, CHINA', 'BLACKALL, AUSTRALIA', 'GACHSARAN, IRAN, ISLAMIC REPUBLIC OF', 'SHENZHEN, CHINA', 'GALVESTON, TX, USA', 'CATAMARCA, ARGENTINA', 'NEW ORLEANS', 'FUTENMA MCAS, JAPAN', 'OUARZAZATE, MOROCCO', 'FUZHOU, CHINA', 'GATESVILLE, TX, USA', 'BOURKE, AUSTRALIA', 'UPINGTON, SOUTH AFRICA', 'GILMER, TX, USA', 'ALEXANDRIA INTL, LA, USA', 'GATTON, AUSTRALIA', 'MACAU', 'JAISALMER, INDIA', 'SURAT THANI, THAILAND', 'TAHITI, FRENCH POLYNESIA', 'AMBULONG, PHILIPPINES', 'TAK, THAILAND', 'ANR ROBINSON INTL, TRINIDAD AND TOBAGO', 'SANYA', 'BALASORE, INDIA', 'TAKAROA, FRENCH POLYNESIA', 'ACAPULCO INTL, MEXICO', 'DOHA', 'MINA SALALAH, OMAN', 'CHUMPHON, THAILAND', 'ABU DHABI', 'HENGCHUN, TAIWAN', 'QIONGHAI, CHINA', "ADIAKE, COTE D'IVOIRE", 'CUYO, PHILIPPINES', 'HYDERABAD INTL, INDIA', 'RAJKOT, INDIA', 'ILE SURPRISE, NEW CALEDONIA', 'RAS AL KHAIMAH INTL, UNITED ARAB EMIRATES', 'MUSCAT', 'KAOHSIUNG', 'BIKANER, INDIA', 'DHAKA HAZRAT SHAHJALAL INTL, BANGLADESH', 'PORLAMAR, VENEZUELA', 'AGALEGA, MAURITIUS', 'JASK, IRAN, ISLAMIC REPUBLIC OF']
Skipping per-city tree plots when --loco_jobs is not 1 to avoid multiprocessing plotting overhead.
[LOCO] dispatching 100 jobs (loco_jobs=8, rf_jobs=1)
[LOCO] all workers returned, total_elapsed=1389.2s
[LOCO] per-city metrics:
                                     City  n_train_samples  n_test_samples       RMSE        MAE     MAPE        R2
                     SCAMMON BAY, AK, USA            59880             120 114.392035  85.742453 0.045129 -0.645199
         VANZHILKYNAK, RUSSIAN FEDERATION            59880             120 102.276357 101.705965 0.047039 -1.449440
          TUNGOKOCHEN, RUSSIAN FEDERATION            59880             120 114.389599 114.077572 0.049623 -0.840561
               BRATSK, RUSSIAN FEDERATION            59880             120 106.100560 104.976474 0.053259 -1.094815
                        SAVOONGA, AK, USA            59880             120 153.508918 153.117259 0.070432 -1.991820
                        MEKORYUK, AK, USA            59880             120 130.932238 130.609544 0.071408 -1.612612
        IZVESTIJ TSIK, RUSSIAN FEDERATION            59880             120 256.261057 255.696428 0.079945 -4.516855
                         NAIMAKKA, SWEDEN            59880             120 169.661609 168.107205 0.083663 -4.054487
                   KEFLAVIK INTL, ICELAND            59880             120  69.940923  68.814970 0.052209  0.157639
              DELTA BURNS BOG, BC, CANADA            59880             120  43.593981  36.560651 0.043883 -0.874370
                            HALIUT, CHINA            59880             120  68.595152  67.891516 0.052506 -0.657501
                     WASSERKUPPE, GERMANY            59880             120  40.785891  39.840317 0.035252  0.476681
                                   HARBIN            59880             120  76.521209  76.195796 0.049073 -1.123786
                MIDDLETON ISLAND, AK, USA            59880             120  54.943469  51.903274 0.041634  0.214329
              HOUGHTON COUNTY AP, MI, USA            59880             120  71.617533  69.062515 0.052956 -0.472875
                ESTEVAN POINT, BC, CANADA            59880             120  57.711936  49.688774 0.061035 -1.211664
                 HELSINKI VANTAA, FINLAND            59880             120  86.919366  86.444237 0.064158 -1.650399
                       REYKJAVIK, ICELAND            59880             120  73.240814  72.374576 0.051808  0.000640
               TATLAYOKO LAKE, BC, CANADA            59880             120  70.880122  68.384310 0.047701  0.153990
                              JURH, CHINA            59880             120  82.365847  81.797899 0.058668 -1.192540
       REXBURG MADISON COUNTY AP, ID, USA            59880             120  65.779112  64.708088 0.054264 -0.492532
                        MCGREGOR, MN, USA            59880             120  62.956506  62.392855 0.047686 -0.770066
                      MELFORT, SK, CANADA            59880             120 101.950999 101.703751 0.060770 -2.098160
                          GULBENE, LATVIA            59880             120  93.005828  92.605088 0.072622 -3.042173
                          HOONAH, AK, USA            59880             120  60.134752  59.193354 0.046064  0.007886
                         DONGSHENG, CHINA            59880             120  66.016094  65.556369 0.056774 -0.710000
                     SQUAMISH, BC, CANADA            59880             120  56.241122  50.744061 0.053929 -1.677768
                           KARAMAY, CHINA            59880             120  84.307252  84.064141 0.059596 -3.704818
                MEZEN, RUSSIAN FEDERATION            59880             120 119.352944 118.779001 0.060624 -2.127458
                        JONKOPING, SWEDEN            59880             120  77.329768  76.823375 0.061831 -1.030669
                     HOYDALSMO II, NORWAY            59880             120  86.336483  85.895185 0.060294 -1.263131
                     BOTEV VRAH, BULGARIA            59880             120  60.568435  60.128026 0.062178 -1.474264
              BUGULMA, RUSSIAN FEDERATION            59880             120  87.196458  86.957405 0.055755 -1.761300
                     FORNAES FYR, DENMARK            59880             120  61.274340  60.450143 0.063478 -0.668984
               MELEUZ, RUSSIAN FEDERATION            59880             120 101.072540 100.921627 0.061587 -2.767988
                    NARSARSUAQ, GREENLAND            59880             120 147.548604 139.603274 0.076581 -1.370500
       BJELASNICA, BOSNIA AND HERZEGOVINA            59880             120  71.015013  69.592743 0.064658 -0.902114
                         XILIN GOL, CHINA            59880             120 105.685937 105.088555 0.066296 -1.908136
                     NUNARSUIT, GREENLAND            59880             120  98.959417  98.254824 0.055091 -0.259786
              ENDERBY ISLAND, NEW ZEALAND            59880             120  70.491810  60.754701 0.065307 -0.073968
                          GEDSER, DENMARK            59880             120  61.883160  61.629585 0.067291 -1.048805
                                  GIESSEN            59880             120  69.754790  68.739127 0.071828 -1.629396
                      KARLSTAD AP, SWEDEN            59880             120  87.524651  86.979607 0.072624 -1.877685
               SONNEBERG NEUFANG, GERMANY            59880             120  72.545493  66.483404 0.059447 -1.150975
                                  DETROIT            59880             120  46.911120  45.790597 0.045071 -1.159254
          STUTTGART ECHTERDINGEN, GERMANY            59880             120  49.542410  48.879699 0.052823 -0.392467
                        GOODLAND, KS, USA            59880             120  62.204170  62.087785 0.061425 -2.516947
                                   BOSTON            59880             120  67.918542  67.294642 0.069774 -2.422756
                                   DENVER            59880             120  58.975571  58.837670 0.061775 -2.816075
                       GAYNDAH, AUSTRALIA            59880             120   9.720786   7.806240 0.020040  0.967159
                   DJERBA ZARZIS, TUNISIA            59880             120  13.106981  11.072511 0.026035  0.934658
                           GAFSA, TUNISIA            59880             120  34.115401  25.392565 0.040851  0.227769
                                HONG KONG            59880             120  17.941031  16.022355 0.040334  0.827398
                          KUMEJIMA, JAPAN            59880             120  15.594946  13.908514 0.035651  0.920806
                            WUZHOU, CHINA            59880             120  25.169499  20.441557 0.045221  0.634735
                      BLACKALL, AUSTRALIA            59880             120  15.310988  11.986744 0.023232  0.949173
     GACHSARAN, IRAN, ISLAMIC REPUBLIC OF            59880             120  30.310372  29.584219 0.035887  0.688698
                          SHENZHEN, CHINA            59880             120  43.675139  40.578422 0.083866  0.351861
                       GALVESTON, TX, USA            59880             120  16.906254  13.876518 0.026924  0.871977
                     CATAMARCA, ARGENTINA            59880             120  26.894403  25.190504 0.050941  0.374024
                              NEW ORLEANS            59880             120  17.938296  15.599913 0.029943  0.819131
                      FUTENMA MCAS, JAPAN            59880             120  23.357139  20.717530 0.058551  0.814514
                      OUARZAZATE, MOROCCO            59880             120  39.148468  37.205861 0.062758  0.010212
                            FUZHOU, CHINA            59880             120  31.602867  30.635417 0.062180 -0.234378
                      GATESVILLE, TX, USA            59880             120  43.698756  41.937024 0.066960 -0.260426
                        BOURKE, AUSTRALIA            59880             120  45.929272  45.293065 0.081776  0.084454
                   UPINGTON, SOUTH AFRICA            59880             120  53.037480  52.715825 0.096784  0.246553
                          GILMER, TX, USA            59880             120  39.134063  38.841258 0.068296 -1.209097
                 ALEXANDRIA INTL, LA, USA            59880             120  46.599612  46.145904 0.085496 -1.142369
                        GATTON, AUSTRALIA            59880             120  19.527293  15.962395 0.041658  0.797541
                                    MACAU            59880             120  27.668224  25.291267 0.060176  0.739025
                         JAISALMER, INDIA            59880             120  49.769031  47.932938 0.054454  0.678202
                    SURAT THANI, THAILAND            59880             120  18.646589  15.155600 0.026375  0.946650
                 TAHITI, FRENCH POLYNESIA            59880             120  11.715750   9.887029 0.018544  0.983724
                    AMBULONG, PHILIPPINES            59880             120  33.575386  29.952231 0.046616  0.850430
                            TAK, THAILAND            59880             120  34.071764  32.800334 0.051209  0.816018
   ANR ROBINSON INTL, TRINIDAD AND TOBAGO            59880             120  28.548126  24.767920 0.043351  0.910349
                                    SANYA            59880             120  15.116570  12.234991 0.026908  0.960151
                          BALASORE, INDIA            59880             120  35.108869  32.921061 0.052231  0.808894
                TAKAROA, FRENCH POLYNESIA            59880             120  31.883051  28.625303 0.041311  0.894315
                    ACAPULCO INTL, MEXICO            59880             120  46.533632  43.792161 0.066892  0.767476
                                     DOHA            59880             120  47.743435  45.965355 0.052150  0.717348
                       MINA SALALAH, OMAN            59880             120  48.862663  48.193229 0.096247  0.733322
                       CHUMPHON, THAILAND            59880             120  61.461532  59.981633 0.102204  0.423170
                                ABU DHABI            59880             120  51.811870  48.270402 0.054143  0.672539
                         HENGCHUN, TAIWAN            59880             120  15.865533  13.241234 0.025445  0.959060
                          QIONGHAI, CHINA            59880             120  31.334356  26.743786 0.058044  0.776384
                    ADIAKE, COTE D'IVOIRE            59880             120  24.485100  20.219882 0.044966  0.893804
                        CUYO, PHILIPPINES            59880             120  43.369342  42.416914 0.058542  0.778971
                    HYDERABAD INTL, INDIA            59880             120  52.334828  51.065265 0.088767  0.601577
                            RAJKOT, INDIA            59880             120  48.470155  45.803176 0.059451  0.741924
              ILE SURPRISE, NEW CALEDONIA            59880             120  60.056632  57.440714 0.111652  0.496490
RAS AL KHAIMAH INTL, UNITED ARAB EMIRATES            59880             120  61.116608  60.254307 0.064430  0.572384
                                   MUSCAT            59880             120  48.753310  45.453796 0.059781  0.755499
                                KAOHSIUNG            59880             120  41.075933  30.184960 0.058576  0.634490
                           BIKANER, INDIA            59880             120  62.867458  61.402860 0.062923  0.442660
  DHAKA HAZRAT SHAHJALAL INTL, BANGLADESH            59880             120  48.209829  47.201156 0.076997  0.590505
                      PORLAMAR, VENEZUELA            59880             120  43.796563  43.008034 0.066766  0.801972
                       AGALEGA, MAURITIUS            59880             120  54.998349  53.714501 0.092709  0.648792
          JASK, IRAN, ISLAMIC REPUBLIC OF            59880             120  53.964375  45.062148 0.066166  0.672317
[LOCO] aggregate metrics (mean / std across cities):
    RMSE  mean=60.4106 std=37.7079
    MAE   mean=58.0383 std=37.9859
    MAPE  mean=5.7502% std=1.7692%
    R2    mean=-0.3555 std=1.2747
[LOCO] saved results to results_rf_ne150_d14_split10_leaf5_rs40/model2_all/loco_results.csv
[LOCO] end at 2026-05-28T15:12:21
